#
# There is insufficient memory for the Java Runtime Environment to continue.
# Native memory allocation (mmap) failed to map 65011712 bytes. Error detail: G1 virtual space
# Possible reasons:
#   The system is out of physical RAM or swap space
#   This process is running with CompressedOops enabled, and the Java Heap may be blocking the growth of the native heap
# Possible solutions:
#   Reduce memory load on the system
#   Increase physical memory or swap space
#   Check if swap backing store is full
#   Decrease Java heap size (-Xmx/-Xms)
#   Decrease number of Java threads
#   Decrease Java thread stack sizes (-Xss)
#   Set larger code cache with -XX:ReservedCodeCacheSize=
#   JVM is running with Unscaled Compressed Oops mode in which the Java heap is
#     placed in the first 4GB address space. The Java Heap base address is the
#     maximum limit for the native heap growth. Please use -XX:HeapBaseMinAddress
#     to set the Java Heap base and to place the Java Heap above 4GB virtual address.
# This output file may be truncated or incomplete.
#
#  Out of Memory Error (os_windows.cpp:3828), pid=10440, tid=632
#
# JRE version:  (21.0.4+13) (build )
# Java VM: OpenJDK 64-Bit Server VM (21.0.4+13-b509.17, mixed mode, sharing, tiered, compressed oops, compressed class ptrs, g1 gc, windows-amd64)
# No core dump will be written. Minidumps are not enabled by default on client versions of Windows
#

---------------  S U M M A R Y ------------

Command Line: git4idea.http.GitAskPassApp Username for 'https://github.com': 

Host: Intel(R) Celeron(R) CPU N3450 @ 1.10GHz, 4 cores, 3G,  Windows 11 , 64 bit Build 22621 (10.0.22621.3958)
Time: Thu Oct 31 21:40:01 2024 Central Europe Standard Time elapsed time: 0.033613 seconds (0d 0h 0m 0s)

---------------  T H R E A D  ---------------

Current thread (0x000002264b169760):  JavaThread "Unknown thread" [_thread_in_vm, id=632, stack(0x0000008d5d500000,0x0000008d5d600000) (1024K)]

Stack: [0x0000008d5d500000,0x0000008d5d600000]
Native frames: (J=compiled Java code, j=interpreted, Vv=VM code, C=native code)
V  [jvm.dll+0x6e36d9]
V  [jvm.dll+0x8c0bd3]
V  [jvm.dll+0x8c312e]
V  [jvm.dll+0x8c3813]
V  [jvm.dll+0x288256]
V  [jvm.dll+0x6dfe65]
V  [jvm.dll+0x6d433a]
V  [jvm.dll+0x36209b]
V  [jvm.dll+0x369c46]
V  [jvm.dll+0x3bbd76]
V  [jvm.dll+0x3bc048]
V  [jvm.dll+0x33485c]
V  [jvm.dll+0x33554b]
V  [jvm.dll+0x888039]
V  [jvm.dll+0x3c8ea8]
V  [jvm.dll+0x8711d8]
V  [jvm.dll+0x45d85e]
V  [jvm.dll+0x45f541]
C  [jli.dll+0x52ab]
C  [ucrtbase.dll+0x29333]
C  [KERNEL32.DLL+0x1257d]
C  [ntdll.dll+0x5af28]


---------------  P R O C E S S  ---------------

Threads class SMR info:
_java_thread_list=0x00007ffd69572108, length=0, elements={
}

Java Threads: ( => current thread )
Total: 0

Other Threads:
  0x000002264b1a1590 WorkerThread "GC Thread#0"                     [id=11724, stack(0x0000008d5d600000,0x0000008d5d700000) (1024K)]
  0x000002264b1aa030 ConcurrentGCThread "G1 Main Marker"            [id=6428, stack(0x0000008d5d700000,0x0000008d5d800000) (1024K)]
  0x000002264b1aace0 WorkerThread "G1 Conc#0"                       [id=1480, stack(0x0000008d5d800000,0x0000008d5d900000) (1024K)]

[error occurred during error reporting (printing all threads), id 0xc0000005, EXCEPTION_ACCESS_VIOLATION (0xc0000005) at pc=0x00007ffd68c67917]
VM state: not at safepoint (not fully initialized)

VM Mutex/Monitor currently owned by a thread:  ([mutex/lock_event])
[0x00007ffd695e6a48] Heap_lock - owner thread: 0x000002264b169760

Heap address: 0x00000000c2a00000, size: 982 MB, Compressed Oops mode: 32-bit

CDS archive(s) mapped at: [0x0000000000000000-0x0000000000000000-0x0000000000000000), size 0, SharedBaseAddress: 0x0000000800000000, ArchiveRelocationMode: 1.
Narrow klass base: 0x0000000000000000, Narrow klass shift: 0, Narrow klass range: 0x0

GC Precious Log:
 CardTable entry size: 512
 Card Set container configuration: InlinePtr #cards 5 size 8 Array Of Cards #cards 12 size 40 Howl #buckets 4 coarsen threshold 1843 Howl Bitmap #cards 512 size 80 coarsen threshold 460 Card regions per heap region 1 cards per card region 2048

Heap:
 garbage-first heap   total 0K, used 0K [0x00000000c2a00000, 0x0000000100000000)
  region size 1024K, 0 young (0K), 0 survivors (0K)
 Metaspace       used 0K, committed 0K, reserved 0K
  class space    used 0K, committed 0K, reserved 0K

Heap Regions: E=young(eden), S=young(survivor), O=old, HS=humongous(starts), HC=humongous(continues), CS=collection set, F=free, TAMS=top-at-mark-start, PB=parsable bottom

Card table byte_map: [0x000002265e270000,0x000002265e460000] _byte_map_base: 0x000002265dc5b000

Marking Bits: (CMBitMap*) 0x000002264b1a1c90
 Bits: [0x000002265e460000, 0x000002265f3b8000)

GC Heap History (0 events):
No events

Dll operation events (1 events):
Event: 0.020 Loaded shared library D:\webstorm\WebStorm 2024.2.3\jbr\bin\java.dll

Deoptimization events (0 events):
No events

Classes loaded (0 events):
No events

Classes unloaded (0 events):
No events

Classes redefined (0 events):
No events

Internal exceptions (0 events):
No events

ZGC Phase Switch (0 events):
No events

VM Operations (0 events):
No events

Memory protections (0 events):
No events

Nmethod flushes (0 events):
No events

Events (0 events):
No events


Dynamic libraries:
0x00007ff7dec10000 - 0x00007ff7dec1a000 	D:\webstorm\WebStorm 2024.2.3\jbr\bin\java.exe
0x00007ffdc79f0000 - 0x00007ffdc7c07000 	C:\Windows\SYSTEM32\ntdll.dll
0x00007ffdc5780000 - 0x00007ffdc5844000 	C:\Windows\System32\KERNEL32.DLL
0x00007ffdc4fc0000 - 0x00007ffdc536d000 	C:\Windows\System32\KERNELBASE.dll
0x00007ffdc5600000 - 0x00007ffdc5711000 	C:\Windows\System32\ucrtbase.dll
0x00007ffdbd890000 - 0x00007ffdbd8ab000 	D:\webstorm\WebStorm 2024.2.3\jbr\bin\VCRUNTIME140.dll
0x00007ffdacb40000 - 0x00007ffdacb58000 	D:\webstorm\WebStorm 2024.2.3\jbr\bin\jli.dll
0x00007ffdc6600000 - 0x00007ffdc67ae000 	C:\Windows\System32\USER32.dll
0x00007ffdc4f90000 - 0x00007ffdc4fb6000 	C:\Windows\System32\win32u.dll
0x00007ffdaeb60000 - 0x00007ffdaedf3000 	C:\Windows\WinSxS\amd64_microsoft.windows.common-controls_6595b64144ccf1df_6.0.22621.3672_none_2713b9d173822955\COMCTL32.dll
0x00007ffdc6a40000 - 0x00007ffdc6a69000 	C:\Windows\System32\GDI32.dll
0x00007ffdc4db0000 - 0x00007ffdc4ec9000 	C:\Windows\System32\gdi32full.dll
0x00007ffdc5560000 - 0x00007ffdc55fa000 	C:\Windows\System32\msvcp_win.dll
0x00007ffdc7220000 - 0x00007ffdc72c7000 	C:\Windows\System32\msvcrt.dll
0x00007ffdc71c0000 - 0x00007ffdc71f1000 	C:\Windows\System32\IMM32.DLL
0x00007ffdb81f0000 - 0x00007ffdb81fc000 	D:\webstorm\WebStorm 2024.2.3\jbr\bin\vcruntime140_1.dll
0x00007ffda3a40000 - 0x00007ffda3acd000 	D:\webstorm\WebStorm 2024.2.3\jbr\bin\msvcp140.dll
0x00007ffd68920000 - 0x00007ffd696d7000 	D:\webstorm\WebStorm 2024.2.3\jbr\bin\server\jvm.dll
0x00007ffdc6300000 - 0x00007ffdc63b2000 	C:\Windows\System32\ADVAPI32.dll
0x00007ffdc7110000 - 0x00007ffdc71b9000 	C:\Windows\System32\sechost.dll
0x00007ffdc4d10000 - 0x00007ffdc4d38000 	C:\Windows\System32\bcrypt.dll
0x00007ffdc6b80000 - 0x00007ffdc6c94000 	C:\Windows\System32\RPCRT4.dll
0x00007ffdc6580000 - 0x00007ffdc65f1000 	C:\Windows\System32\WS2_32.dll
0x00007ffdc3ba0000 - 0x00007ffdc3bed000 	C:\Windows\SYSTEM32\POWRPROF.dll
0x00007ffdbe230000 - 0x00007ffdbe264000 	C:\Windows\SYSTEM32\WINMM.dll
0x00007ffdb2000000 - 0x00007ffdb200a000 	C:\Windows\SYSTEM32\VERSION.dll
0x00007ffdc3b80000 - 0x00007ffdc3b93000 	C:\Windows\SYSTEM32\UMPDC.dll
0x00007ffdc3e30000 - 0x00007ffdc3e48000 	C:\Windows\SYSTEM32\kernel.appcore.dll
0x00007ffdb81e0000 - 0x00007ffdb81ea000 	D:\webstorm\WebStorm 2024.2.3\jbr\bin\jimage.dll
0x00007ffd83160000 - 0x00007ffd83392000 	C:\Windows\SYSTEM32\DBGHELP.DLL
0x00007ffdc6ca0000 - 0x00007ffdc702d000 	C:\Windows\System32\combase.dll
0x00007ffdc7030000 - 0x00007ffdc7107000 	C:\Windows\System32\OLEAUT32.dll
0x00007ffda4000000 - 0x00007ffda4032000 	C:\Windows\SYSTEM32\dbgcore.DLL
0x00007ffdc5370000 - 0x00007ffdc53eb000 	C:\Windows\System32\bcryptPrimitives.dll
0x00007ffdb6220000 - 0x00007ffdb623f000 	D:\webstorm\WebStorm 2024.2.3\jbr\bin\java.dll

dbghelp: loaded successfully - version: 4.0.5 - missing functions: none
symbol engine: initialized successfully - sym options: 0x614 - pdb path: .;D:\webstorm\WebStorm 2024.2.3\jbr\bin;C:\Windows\SYSTEM32;C:\Windows\WinSxS\amd64_microsoft.windows.common-controls_6595b64144ccf1df_6.0.22621.3672_none_2713b9d173822955;D:\webstorm\WebStorm 2024.2.3\jbr\bin\server

VM Arguments:
java_command: git4idea.http.GitAskPassApp Username for 'https://github.com': 
java_class_path (initial): D:/webstorm/WebStorm 2024.2.3/plugins/vcs-git/lib/git4idea-rt.jar;D:/webstorm/WebStorm 2024.2.3/lib/externalProcess-rt.jar
Launcher Type: SUN_STANDARD

[Global flags]
     intx CICompilerCount                          = 3                                         {product} {ergonomic}
     uint ConcGCThreads                            = 1                                         {product} {ergonomic}
     uint G1ConcRefinementThreads                  = 4                                         {product} {ergonomic}
   size_t G1HeapRegionSize                         = 1048576                                   {product} {ergonomic}
    uintx GCDrainStackTargetSize                   = 64                                        {product} {ergonomic}
   size_t InitialHeapSize                          = 65011712                                  {product} {ergonomic}
   size_t MarkStackSize                            = 4194304                                   {product} {ergonomic}
   size_t MaxHeapSize                              = 1029701632                                {product} {ergonomic}
   size_t MinHeapDeltaBytes                        = 1048576                                   {product} {ergonomic}
   size_t MinHeapSize                              = 8388608                                   {product} {ergonomic}
    uintx NonNMethodCodeHeapSize                   = 5832780                                {pd product} {ergonomic}
    uintx NonProfiledCodeHeapSize                  = 122912730                              {pd product} {ergonomic}
    uintx ProfiledCodeHeapSize                     = 122912730                              {pd product} {ergonomic}
    uintx ReservedCodeCacheSize                    = 251658240                              {pd product} {ergonomic}
     bool SegmentedCodeCache                       = true                                      {product} {ergonomic}
   size_t SoftMaxHeapSize                          = 1029701632                             {manageable} {ergonomic}
     bool UseCompressedOops                        = true                           {product lp64_product} {ergonomic}
     bool UseG1GC                                  = true                                      {product} {ergonomic}
     bool UseLargePagesIndividualAllocation        = false                                  {pd product} {ergonomic}

Logging:
Log output configuration:
 #0: stdout all=warning uptime,level,tags foldmultilines=false
 #1: stderr all=off uptime,level,tags foldmultilines=false

Environment Variables:
PATH=C:\Program Files\Git\mingw64\libexec\git-core;C:\Program Files\Git\mingw64\libexec\git-core;C:\Program Files\Git\mingw64\bin;C:\Program Files\Git\usr\bin;C:\Users\motoj17\bin;D:\python\Scripts;D:\python;D:\java\bin;C:\Windows\system32;C:\Windows;C:\Windows\System32\Wbem;C:\Windows\System32\WindowsPowerShell\v1.0;C:\Windows\System32\OpenSSH;D:\playit\bin;C:\yt-dlp;C:\Program Files\PuTTY;C:\Program Files\dotnet;C:\Program Files\Git\cmd;C:\Users\motoj17\AppData\Local\Microsoft\WindowsApps
USERNAME=motoj17
DISPLAY=:0.0
LC_ALL=en_US.UTF-8
TERM=xterm-256color
TMPDIR=C:\Users\motoj17\AppData\Local\Temp
OS=Windows_NT
PROCESSOR_IDENTIFIER=Intel64 Family 6 Model 92 Stepping 9, GenuineIntel
TMP=C:\Users\motoj17\AppData\Local\Temp
TEMP=C:\Users\motoj17\AppData\Local\Temp




Periodic native trim disabled

JNI global refs:
JNI global refs: 0, weak refs: 0

JNI global refs memory usage: 0, weak refs: 0

Process memory usage:
Resident Set Size: 11108K (0% of 4016236K total physical memory with 942608K free physical memory)

OOME stack traces (most recent first):
Classloader memory used:

---------------  S Y S T E M  ---------------

OS:
 Windows 11 , 64 bit Build 22621 (10.0.22621.3958)
OS uptime: 5 days 12:28 hours

CPU: total 4 (initial active 4) (4 cores per cpu, 1 threads per core) family 6 model 92 stepping 9 microcode 0x38, cx8, cmov, fxsr, mmx, 3dnowpref, sse, sse2, sse3, ssse3, sse4.1, sse4.2, popcnt, tsc, tscinvbit, aes, erms, clmul, sha, clflush, clflushopt, rdtscp
Processor Information for all 4 processors :
  Max Mhz: 1101, Current Mhz: 1101, Mhz Limit: 1101

Memory: 4k page, system-wide physical 3922M (920M free)
TotalPageFile size 6877M (AvailPageFile size 23M)
current process WorkingSet (physical memory assigned to process): 10M, peak: 10M
current process commit charge ("private bytes"): 51M, peak: 113M

vm_info: OpenJDK 64-Bit Server VM (21.0.4+13-b509.17) for windows-amd64 JRE (21.0.4+13-b509.17), built on 2024-09-04 by "builduser" with MS VC++ 16.10 / 16.11 (VS2019)

END.
